=== COBOL-Blockchain Transaction Log ===
{"recordId": "GENERIC_1", "file": "ACCOUNTS.DAT", "operation": "CREATE", "timestamp": "2025-07-09T23:52:09.616028", "status": "00", "data": {"id": "GENERIC_1", "raw": "ACC1000001John Smith         000125000.00A2025-01-21"}}
{"recordId": "GENERIC_2", "file": "ACCOUNTS.DAT", "operation": "CREATE", "timestamp": "2025-07-09T23:52:09.618390", "status": "00", "data": {"id": "GENERIC_2", "raw": "ACC1000002Jane Doe           000087500.00A2025-01-21"}}
{"recordId": "GENERIC_3", "file": "ACCOUNTS.DAT", "operation": "CREATE", "timestamp": "2025-07-09T23:52:09.619782", "status": "00", "data": {"id": "GENERIC_3", "raw": "ACC1000003Bob Johnson        000050000.00A2025-01-21"}}
{"recordId": "GENERIC_4", "file": "ACCOUNTS.DAT", "operation": "CREATE", "timestamp": "2025-07-09T23:52:09.621855", "status": "00", "data": {"id": "GENERIC_4", "raw": "ACC1000004Alice Williams     000200000.00B2025-01-21"}}
{"recordId": "GENERIC_5", "file": "ACCOUNTS.DAT", "operation": "CREATE", "timestamp": "2025-07-09T23:52:09.623546", "status": "00", "data": {"id": "GENERIC_5", "raw": "ACC1000005Charlie Brown      000015000.00A2025-01-21"}}
{"recordId": "CUST001", "file": "CUSTOMER.DAT", "operation": "CREATE", "timestamp": "2025-07-09T23:52:09.629307", "status": "00", "data": {"id": "CUST001", "description": "John Smith Customer Account", "date": "2025-01-21", "raw": "CUST001   John Smith Customer Account          2025-01-21"}}
{"recordId": "CUST002", "file": "CUSTOMER.DAT", "operation": "CREATE", "timestamp": "2025-07-09T23:52:09.630948", "status": "00", "data": {"id": "CUST002", "description": "Jane Doe Customer Profile", "date": "2025-01-21", "raw": "CUST002   Jane Doe Customer Profile            2025-01-21"}}
{"recordId": "CUST003", "file": "CUSTOMER.DAT", "operation": "CREATE", "timestamp": "2025-07-09T23:52:09.633242", "status": "00", "data": {"id": "CUST003", "description": "Robert Johnson Account", "date": "2025-01-21", "raw": "CUST003   Robert Johnson Account               2025-01-21"}}
{"recordId": "CUST004", "file": "CUSTOMER.DAT", "operation": "CREATE", "timestamp": "2025-07-09T23:52:09.635193", "status": "00", "data": {"id": "CUST004", "description": "Maria Garcia Customer Record", "date": "2025-01-21", "raw": "CUST004   Maria Garcia Customer Record         2025-01-21"}}
{"recordId": "CUST005", "file": "CUSTOMER.DAT", "operation": "CREATE", "timestamp": "2025-07-09T23:52:09.636962", "status": "00", "data": {"id": "CUST005", "description": "David Lee Customer Entry", "date": "2025-01-21", "raw": "CUST005   David Lee Customer Entry             2025-01-21"}}
{"recordId": "MASTER001", "file": "MASTER.DAT", "operation": "CREATE", "timestamp": "2025-07-09T23:52:09.642451", "status": "00", "data": {"id": "MASTER001", "description": "Primary Master Record", "date": "2025-01-21", "raw": "MASTER001 Primary Master Record                2025-01-21"}}
{"recordId": "MASTER002", "file": "MASTER.DAT", "operation": "CREATE", "timestamp": "2025-07-09T23:52:09.644107", "status": "00", "data": {"id": "MASTER002", "description": "Secondary Master Entry", "date": "2025-01-21", "raw": "MASTER002 Secondary Master Entry               2025-01-21"}}
{"recordId": "MASTER003", "file": "MASTER.DAT", "operation": "CREATE", "timestamp": "2025-07-09T23:52:09.646291", "status": "00", "data": {"id": "MASTER003", "description": "Tertiary Master Record", "date": "2025-01-21", "raw": "MASTER003 Tertiary Master Record               2025-01-21"}}
{"recordId": "MASTER004", "file": "MASTER.DAT", "operation": "CREATE", "timestamp": "2025-07-09T23:52:09.648140", "status": "00", "data": {"id": "MASTER004", "description": "Quaternary Master Entry", "date": "2025-01-21", "raw": "MASTER004 Quaternary Master Entry              2025-01-21"}}
{"recordId": "MASTER005", "file": "MASTER.DAT", "operation": "CREATE", "timestamp": "2025-07-09T23:52:09.649910", "status": "00", "data": {"id": "MASTER005", "description": "Archive Master Record", "date": "2025-01-21", "raw": "MASTER005 Archive Master Record                 2025-01-21"}}
{"recordId": "TEST001", "file": "TEST.DAT", "operation": "CREATE", "timestamp": "2025-07-09T23:52:09.655935", "status": "00", "data": {"id": "TEST001", "description": "Initial Test Record", "date": "2025-01-21", "raw": "TEST001   Initial Test Record                  2025-01-21"}}
{"recordId": "TEST002", "file": "TEST.DAT", "operation": "CREATE", "timestamp": "2025-07-09T23:52:09.657741", "status": "00", "data": {"id": "TEST002", "description": "Secondary Test Entry", "date": "2025-01-21", "raw": "TEST002   Secondary Test Entry                 2025-01-21"}}
{"recordId": "TEST003", "file": "TEST.DAT", "operation": "CREATE", "timestamp": "2025-07-09T23:52:09.659083", "status": "00", "data": {"id": "TEST003", "description": "Validation Test Record", "date": "2025-01-21", "raw": "TEST003   Validation Test Record               2025-01-21"}}
{"recordId": "TEST004", "file": "TEST.DAT", "operation": "CREATE", "timestamp": "2025-07-09T23:52:09.660426", "status": "00", "data": {"id": "TEST004", "description": "Performance Test Entry", "date": "2025-01-21", "raw": "TEST004   Performance Test Entry               2025-01-21"}}
{"recordId": "TEST005", "file": "TEST.DAT", "operation": "CREATE", "timestamp": "2025-07-09T23:52:09.661915", "status": "00", "data": {"id": "TEST005", "description": "Integration Test Record", "date": "2025-01-21", "raw": "TEST005   Integration Test Record              2025-01-21"}}
{"recordId": "GENERIC_1", "file": "TRANSACTION.DAT", "operation": "CREATE", "timestamp": "2025-07-09T23:52:09.666927", "status": "00", "data": {"id": "GENERIC_1", "raw": "TRX001    Purchase Transaction CR              2025-01-21"}}
{"recordId": "GENERIC_2", "file": "TRANSACTION.DAT", "operation": "CREATE", "timestamp": "2025-07-09T23:52:09.668485", "status": "00", "data": {"id": "GENERIC_2", "raw": "TRX002    Payment Transaction DB               2025-01-21"}}
{"recordId": "GENERIC_3", "file": "TRANSACTION.DAT", "operation": "CREATE", "timestamp": "2025-07-09T23:52:09.670208", "status": "00", "data": {"id": "GENERIC_3", "raw": "TRX003    Refund Transaction CR                2025-01-21"}}
{"recordId": "GENERIC_4", "file": "TRANSACTION.DAT", "operation": "CREATE", "timestamp": "2025-07-09T23:52:09.672627", "status": "00", "data": {"id": "GENERIC_4", "raw": "TRX004    Transfer Transaction DB              2025-01-21"}}
{"recordId": "GENERIC_5", "file": "TRANSACTION.DAT", "operation": "CREATE", "timestamp": "2025-07-09T23:52:09.674408", "status": "00", "data": {"id": "GENERIC_5", "raw": "TRX005    Adjustment Transaction CR            2025-01-21"}}
{"recordId": "GENERIC_1", "file": "TRANSACTIONS.DAT", "operation": "CREATE", "timestamp": "2025-07-09T23:52:09.681186", "status": "00", "data": {"id": "GENERIC_1", "raw": "TRX0000001DEPOSIT   0010000.002025-01-21ACC1000001"}}
{"recordId": "GENERIC_2", "file": "TRANSACTIONS.DAT", "operation": "CREATE", "timestamp": "2025-07-09T23:52:09.683417", "status": "00", "data": {"id": "GENERIC_2", "raw": "TRX0000002WITHDRAWAL0002500.002025-01-21ACC1000002"}}
{"recordId": "GENERIC_3", "file": "TRANSACTIONS.DAT", "operation": "CREATE", "timestamp": "2025-07-09T23:52:09.685559", "status": "00", "data": {"id": "GENERIC_3", "raw": "TRX0000003TRANSFER  0005000.002025-01-21ACC1000003"}}
{"recordId": "GENERIC_4", "file": "TRANSACTIONS.DAT", "operation": "CREATE", "timestamp": "2025-07-09T23:52:09.687019", "status": "00", "data": {"id": "GENERIC_4", "raw": "TRX0000004DEPOSIT   0007500.002025-01-21ACC1000004"}}
{"recordId": "GENERIC_5", "file": "TRANSACTIONS.DAT", "operation": "CREATE", "timestamp": "2025-07-09T23:52:09.688568", "status": "00", "data": {"id": "GENERIC_5", "raw": "TRX0000005WITHDRAWAL0001000.002025-01-21ACC1000005"}}
{"recordId": "GENERIC_6", "file": "TRANSACTIONS.DAT", "operation": "CREATE", "timestamp": "2025-07-09T23:52:09.690216", "status": "00", "data": {"id": "GENERIC_6", "raw": "TRX0000006PAYMENT   0003000.002025-01-21ACC1000006"}}
{"recordId": "GENERIC_7", "file": "TRANSACTIONS.DAT", "operation": "CREATE", "timestamp": "2025-07-09T23:52:09.691853", "status": "00", "data": {"id": "GENERIC_7", "raw": "TRX0000007REFUND    0000500.002025-01-21ACC1000007"}}
{"recordId": "GENERIC_8", "file": "TRANSACTIONS.DAT", "operation": "CREATE", "timestamp": "2025-07-09T23:52:09.693242", "status": "00", "data": {"id": "GENERIC_8", "raw": "TRX0000008DEPOSIT   0020000.002025-01-21ACC1000008"}}
{"recordId": "GENERIC_9", "file": "TRANSACTIONS.DAT", "operation": "CREATE", "timestamp": "2025-07-09T23:52:09.695403", "status": "00", "data": {"id": "GENERIC_9", "raw": "TRX0000009TRANSFER  0015000.002025-01-21ACC1000009"}}
{"recordId": "GENERIC_10", "file": "TRANSACTIONS.DAT", "operation": "CREATE", "timestamp": "2025-07-09T23:52:09.696657", "status": "00", "data": {"id": "GENERIC_10", "raw": "TRX0000010WITHDRAWAL0008000.002025-01-21ACC1000010"}}
{"recordId": "MASTER001", "file": "MASTER.DAT", "operation": "UPDATE", "timestamp": "2025-07-09T23:52:17.769454", "status": "00", "data": {"id": "MASTER001", "description": "Primary Master Record", "date": "2025-01-21", "raw": "MASTER001 Primary Master Record                2025-01-21"}}
{"recordId": "MASTER002", "file": "MASTER.DAT", "operation": "UPDATE", "timestamp": "2025-07-09T23:52:17.771311", "status": "00", "data": {"id": "MASTER002", "description": "Secondary Master Entry", "date": "2025-01-21", "raw": "MASTER002 Secondary Master Entry               2025-01-21"}}
{"recordId": "MASTER003", "file": "MASTER.DAT", "operation": "UPDATE", "timestamp": "2025-07-09T23:52:17.774012", "status": "00", "data": {"id": "MASTER003", "description": "Tertiary Master Record", "date": "2025-01-21", "raw": "MASTER003 Tertiary Master Record               2025-01-21"}}
{"recordId": "MASTER004", "file": "MASTER.DAT", "operation": "UPDATE", "timestamp": "2025-07-09T23:52:17.778895", "status": "00", "data": {"id": "MASTER004", "description": "Quaternary Master Entry", "date": "2025-01-21", "raw": "MASTER004 Quaternary Master Entry              2025-01-21"}}
{"recordId": "MASTER005", "file": "MASTER.DAT", "operation": "UPDATE", "timestamp": "2025-07-09T23:52:17.780676", "status": "00", "data": {"id": "MASTER005", "description": "Archive Master Record", "date": "2025-01-21", "raw": "MASTER005 Archive Master Record                 2025-01-21"}}
{"recordId": "MASTER006", "file": "MASTER.DAT", "operation": "UPDATE", "timestamp": "2025-07-09T23:52:17.782604", "status": "00", "data": {"id": "MASTER006", "description": "Extended Master Record", "date": "2025-01-21", "raw": "MASTER006 Extended Master Record               2025-01-21"}}
{"recordId": "MASTER007", "file": "MASTER.DAT", "operation": "UPDATE", "timestamp": "2025-07-09T23:52:17.784392", "status": "00", "data": {"id": "MASTER007", "description": "Supplemental Master Entry", "date": "2025-01-21", "raw": "MASTER007 Supplemental Master Entry            2025-01-21"}}
{"recordId": "TEST001", "file": "TEST.DAT", "operation": "UPDATE", "timestamp": "2025-07-09T23:52:17.789774", "status": "00", "data": {"id": "TEST001", "description": "Initial Test Record", "date": "2025-01-21", "raw": "TEST001   Initial Test Record                  2025-01-21"}}
{"recordId": "TEST002", "file": "TEST.DAT", "operation": "UPDATE", "timestamp": "2025-07-09T23:52:17.791466", "status": "00", "data": {"id": "TEST002", "description": "Secondary Test Entry", "date": "2025-01-21", "raw": "TEST002   Secondary Test Entry                 2025-01-21"}}
{"recordId": "TEST003", "file": "TEST.DAT", "operation": "UPDATE", "timestamp": "2025-07-09T23:52:17.792946", "status": "00", "data": {"id": "TEST003", "description": "Validation Test Record", "date": "2025-01-21", "raw": "TEST003   Validation Test Record               2025-01-21"}}
{"recordId": "TEST004", "file": "TEST.DAT", "operation": "UPDATE", "timestamp": "2025-07-09T23:52:17.794335", "status": "00", "data": {"id": "TEST004", "description": "Performance Test Entry", "date": "2025-01-21", "raw": "TEST004   Performance Test Entry               2025-01-21"}}
{"recordId": "TEST005", "file": "TEST.DAT", "operation": "UPDATE", "timestamp": "2025-07-09T23:52:17.796495", "status": "00", "data": {"id": "TEST005", "description": "Integration Test Record", "date": "2025-01-21", "raw": "TEST005   Integration Test Record              2025-01-21"}}
{"recordId": "TEST006", "file": "TEST.DAT", "operation": "UPDATE", "timestamp": "2025-07-09T23:52:17.799318", "status": "00", "data": {"id": "TEST006", "description": "Additional Test Record", "date": "2025-01-21", "raw": "TEST006   Additional Test Record               2025-01-21"}}
{"recordId": "TEST007", "file": "TEST.DAT", "operation": "UPDATE", "timestamp": "2025-07-09T23:52:17.801580", "status": "00", "data": {"id": "TEST007", "description": "Extended Test Entry", "date": "2025-01-21", "raw": "TEST007   Extended Test Entry                  2025-01-21"}}
